<?xml version="1.0" encoding="UTF-8"?>
<!-- Generated by org.testng.reporters.JUnitReportReporter -->
<testsuite hostname="DESKTOP-1ICBAAR" failures="0" tests="1" name="tests.LogOutTest" time="4.195" errors="0" timestamp="2024-11-30T11:43:44 IST" skipped="0">
  <testcase classname="tests.LogOutTest" name="testInvalidUsername" time="4.195"/>
</testsuite> <!-- tests.LogOutTest -->
