<?xml version="1.0" encoding="UTF-8"?>
<!-- Generated by org.testng.reporters.JUnitReportReporter -->
<testsuite hostname="DESKTOP-1ICBAAR" failures="0" tests="1" name="tests.LoginTest" time="8.041" errors="0" timestamp="2024-11-30T20:33:17 IST" skipped="0">
  <testcase classname="tests.LoginTest" name="loginWithValidCredentials" time="8.041"/>
</testsuite> <!-- tests.LoginTest -->
