<?xml version="1.0" encoding="UTF-8"?>
<!-- Generated by org.testng.reporters.JUnitReportReporter -->
<testsuite hostname="DESKTOP-1ICBAAR" failures="0" tests="1" name="tests.LoginTest" time="5.211" errors="0" timestamp="2024-11-30T13:01:47 IST" skipped="0">
  <testcase classname="tests.LoginTest" name="loginWithValidCredentials" time="5.211"/>
</testsuite> <!-- tests.LoginTest -->
